[2025-10-29T08:53:56.955Z] GET /
[2025-10-29T08:54:21.489Z] GET /users
[2025-10-29T08:54:32.353Z] POST /users/create
[2025-10-29T08:54:36.320Z] GET /users
[2025-10-29T08:58:36.362Z] GET /
[2025-10-29T09:09:46.313Z] GET /users/profile
[2025-10-29T09:10:25.001Z] GET /users/profile
[2025-10-29T09:11:16.905Z] GET /users/profile
[2025-10-29T09:11:58.367Z] GET /users/profile
[2025-10-29T09:12:02.058Z] GET /users/profile
[2025-10-29T10:08:41.749Z] GET /users
[2025-10-29T10:08:49.291Z] POST /login
[2025-10-29T10:09:06.074Z] POST /login
[2025-10-29T10:13:39.905Z] PUT /users/update/1
[2025-10-29T10:14:21.160Z] POST /login
[2025-10-29T10:14:49.765Z] POST /login
[2025-10-29T10:14:57.844Z] GET /users/profile
[2025-10-29T10:15:58.023Z] POST /login
[2025-10-29T10:22:07.240Z] POST /login
[2025-10-29T10:22:23.325Z] POST /login
[2025-10-29T10:22:33.471Z] POST /login
[2025-10-29T10:23:41.539Z] POST /login
[2025-10-29T10:30:21.953Z] POST /login
[2025-10-29T10:30:53.920Z] POST /login
[2025-10-29T10:31:00.878Z] POST /login
[2025-10-29T10:33:30.552Z] POST /login
[2025-10-29T10:37:23.559Z] POST /login
[2025-10-29T10:39:27.813Z] POST /login
[2025-10-29T10:40:08.551Z] POST /login
[2025-10-29T10:43:06.147Z] POST /login
[2025-10-29T10:44:21.017Z] GET /users/profile
[2025-10-29T11:00:24.060Z] GET /admin
[2025-10-29T11:00:41.856Z] GET /admin
[2025-10-29T11:00:59.653Z] POST /login
[2025-10-29T11:01:13.940Z] GET /admin
[2025-10-29T11:14:25.761Z] GET /users/profile
[2025-10-29T11:34:16.933Z] DELETE /logout
[2025-10-29T11:34:45.703Z] DELETE /logout
[2025-10-29T11:35:56.731Z] DELETE /logout
[2025-10-29T11:36:23.793Z] DELETE /logout
[2025-10-29T11:37:26.927Z] POST /login
[2025-10-29T11:38:19.003Z] DELETE /logout
[2025-10-29T11:38:33.918Z] DELETE /logout
[2025-10-29T11:38:56.470Z] DELETE /logout
[2025-10-29T20:09:40.482Z] GET /users/profile
[2025-10-29T20:09:52.402Z] POST /login
[2025-10-29T20:10:04.131Z] GET /users/profile
[2025-10-29T20:10:09.618Z] GET /users/profile
[2025-10-29T20:10:20.736Z] GET /users/profile
[2025-10-29T20:11:01.313Z] DELETE /logout
[2025-10-29T20:12:18.527Z] POST /login
[2025-10-29T20:12:26.796Z] GET /admin
[2025-10-29T20:14:55.049Z] GET /admin
[2025-10-29T20:15:14.622Z] DELETE /logout
[2025-10-29T20:20:25.332Z] DELETE /logout
[2025-10-29T20:20:34.350Z] DELETE /logout
[2025-10-29T20:20:57.596Z] POST /login
[2025-10-29T20:21:49.333Z] POST /upload/single
[2025-10-29T20:22:12.542Z] POST /upload/single
[2025-10-29T20:23:00.193Z] POST /upload/single
[2025-10-29T20:24:24.321Z] POST /upload/single
[2025-10-29T20:24:37.459Z] POST /upload/single
[2025-10-29T20:24:39.299Z] GET /uploads/1761769477468-daniel.jpeg
[2025-10-29T20:25:44.692Z] GET /uploads/1761769477468-daniel.jpeg
[2025-10-29T20:26:27.851Z] GET /uploads/1761769477468-daniel.jpeg
[2025-10-29T20:27:25.894Z] GET /uploads/1761769477468-daniel.jpeg
[2025-10-29T20:27:39.375Z] GET /uploads/1761769477468-daniel.jpeg
[2025-10-29T20:28:42.663Z] POST /upload/single
[2025-10-29T20:29:04.163Z] GET /uploads/1761769722671-daniel2.jpeg
[2025-10-29T20:30:04.830Z] GET /src/uploads/1761769722671-daniel2.jpeg
[2025-10-29T20:30:42.990Z] GET /uploads/1761769477468-daniel.jpeg
[2025-10-29T20:31:16.200Z] GET /uploads/1761769477468-daniel.jpeg
[2025-10-29T20:31:28.193Z] POST /upload/single
[2025-10-29T20:31:36.426Z] POST /upload/single
[2025-10-29T20:31:49.759Z] GET /src/uploads/1761769896428-daniel.jpg
[2025-10-29T20:32:07.612Z] GET /src/uploads/1761769896428-daniel.jpg
[2025-10-29T20:33:11.557Z] POST /upload/single
[2025-10-29T20:34:30.444Z] POST /upload/single
[2025-10-29T20:34:42.248Z] GET /uploads/1761770070452-daniel.jpeg
[2025-10-29T20:34:47.433Z] GET /uploads/1761770070452-daniel.jpeg
[2025-10-29T20:35:06.364Z] POST /upload/single
[2025-10-29T20:35:47.289Z] POST /upload/single
[2025-10-29T20:35:54.781Z] POST /upload/single
[2025-10-29T20:36:06.352Z] POST /upload/single
[2025-10-29T20:36:44.911Z] POST /upload/single
[2025-10-29T20:36:52.734Z] POST /upload/single
[2025-10-29T20:37:10.592Z] POST /upload/single
[2025-10-29T20:37:45.541Z] POST /upload/single
[2025-10-29T20:38:26.815Z] POST /upload/single
[2025-10-29T20:38:47.369Z] GET /uploads/1761770306824-daniel2.jpeg
[2025-10-29T20:38:52.690Z] GET /uploads/1761770306824-daniel2.jpeg
[2025-10-29T20:38:52.730Z] GET /favicon.ico
[2025-10-29T20:39:20.978Z] GET /uploads/1761770070452-daniel.jpeg
